<?xml version="1.0" encoding="UTF-8"?>
<robot generator="Robot 6.1 (Python 3.10.4 on win32)" generated="20230801 21:46:00.301" rpa="false" schemaversion="4">
<suite id="s1" name="Tests" source="C:\Users\abhil\PycharmProjects\RobotFramework\tests">
<suite id="s1-s1" name="05 Testdemo" source="C:\Users\abhil\PycharmProjects\RobotFramework\tests\05_testdemo.robot">
<test id="s1-s1-t1" name="Invalid username" line="12">
<kw name="Validate UnSuccessful Login">
<arg>njnjndj</arg>
<arg>learning</arg>
<kw name="open the browser with the Mortgage payment url">
<kw name="Create Webdriver" library="SeleniumLibrary">
<arg>Chrome</arg>
<doc>Creates an instance of Selenium WebDriver.</doc>
<msg timestamp="20230801 21:46:00.919" level="INFO">Creating an instance of the Chrome WebDriver.</msg>
<status status="PASS" starttime="20230801 21:46:00.919" endtime="20230801 21:46:05.351"/>
</kw>
<kw name="Go To" library="SeleniumLibrary">
<arg>https://rahulshettyacademy.com/loginpagePractise/</arg>
<doc>Navigates the current browser window to the provided ``url``.</doc>
<msg timestamp="20230801 21:46:05.356" level="INFO">Opening url 'https://rahulshettyacademy.com/loginpagePractise/'</msg>
<status status="PASS" starttime="20230801 21:46:05.351" endtime="20230801 21:46:06.518"/>
</kw>
<status status="PASS" starttime="20230801 21:46:00.919" endtime="20230801 21:46:06.526"/>
</kw>
<kw name="fill the login form">
<arg>${username}</arg>
<arg>${password}</arg>
<kw name="Input Text" library="SeleniumLibrary">
<arg>xpath://input[@id='username']</arg>
<arg>${username}</arg>
<doc>Types the given ``text`` into the text field identified by ``locator``.</doc>
<msg timestamp="20230801 21:46:06.534" level="INFO">Typing text 'njnjndj' into text field 'xpath://input[@id='username']'.</msg>
<status status="PASS" starttime="20230801 21:46:06.526" endtime="20230801 21:46:08.046"/>
</kw>
<kw name="Input Password" library="SeleniumLibrary">
<arg>xpath://input[@id='password']</arg>
<arg>${password}</arg>
<doc>Types the given password into the text field identified by ``locator``.</doc>
<msg timestamp="20230801 21:46:08.046" level="INFO">Typing password into text field 'xpath://input[@id='password']'.</msg>
<msg timestamp="20230801 21:46:08.256" level="INFO">Temporally setting log level to: NONE</msg>
<msg timestamp="20230801 21:46:08.591" level="INFO">Log level changed from NONE to INFO.</msg>
<status status="PASS" starttime="20230801 21:46:08.046" endtime="20230801 21:46:08.591"/>
</kw>
<kw name="Click Button" library="SeleniumLibrary">
<arg>xpath://input[@id='signInBtn']</arg>
<doc>Clicks the button identified by ``locator``.</doc>
<msg timestamp="20230801 21:46:08.596" level="INFO">Clicking button 'xpath://input[@id='signInBtn']'.</msg>
<status status="PASS" starttime="20230801 21:46:08.594" endtime="20230801 21:46:08.868"/>
</kw>
<status status="PASS" starttime="20230801 21:46:06.526" endtime="20230801 21:46:08.868"/>
</kw>
<kw name="wait until it check and display error message">
<kw name="Wait Until Element Is Visible" library="SeleniumLibrary">
<arg>${Error_Message_login}</arg>
<doc>Waits until the element ``locator`` is visible.</doc>
<status status="PASS" starttime="20230801 21:46:08.876" endtime="20230801 21:46:11.000"/>
</kw>
<status status="PASS" starttime="20230801 21:46:08.868" endtime="20230801 21:46:11.000"/>
</kw>
<kw name="verify error message is correct">
<kw name="Get Text" library="SeleniumLibrary">
<var>${result}</var>
<arg>${Error_Message_login}</arg>
<doc>Returns the text value of the element identified by ``locator``.</doc>
<msg timestamp="20230801 21:46:11.038" level="INFO">${result} = Incorrect username/password.</msg>
<status status="PASS" starttime="20230801 21:46:11.000" endtime="20230801 21:46:11.039"/>
</kw>
<kw name="Should Be Equal As Strings" library="BuiltIn">
<arg>${result}</arg>
<arg>Incorrect username/password.</arg>
<doc>Fails if objects are unequal after converting them to strings.</doc>
<status status="PASS" starttime="20230801 21:46:11.039" endtime="20230801 21:46:11.041"/>
</kw>
<kw name="Element Text Should Be" library="SeleniumLibrary">
<arg>${Error_Message_login}</arg>
<arg>Incorrect username/password.</arg>
<doc>Verifies that element ``locator`` contains exact the text ``expected``.</doc>
<msg timestamp="20230801 21:46:11.042" level="INFO">Verifying element 'xpath://div[@class='alert alert-danger col-md-12']' contains exact text 'Incorrect username/password.'.</msg>
<status status="PASS" starttime="20230801 21:46:11.041" endtime="20230801 21:46:11.077"/>
</kw>
<status status="PASS" starttime="20230801 21:46:11.000" endtime="20230801 21:46:11.077"/>
</kw>
<status status="PASS" starttime="20230801 21:46:00.919" endtime="20230801 21:46:11.077"/>
</kw>
<kw name="Close Browser" library="SeleniumLibrary" type="TEARDOWN">
<doc>Closes the current browser.</doc>
<status status="PASS" starttime="20230801 21:46:11.078" endtime="20230801 21:46:13.388"/>
</kw>
<status status="PASS" starttime="20230801 21:46:00.919" endtime="20230801 21:46:13.388"/>
</test>
<test id="s1-s1-t2" name="Invalid password" line="12">
<kw name="Validate UnSuccessful Login">
<arg>rahulshetty</arg>
<arg>dcksdd</arg>
<kw name="open the browser with the Mortgage payment url">
<kw name="Create Webdriver" library="SeleniumLibrary">
<arg>Chrome</arg>
<doc>Creates an instance of Selenium WebDriver.</doc>
<msg timestamp="20230801 21:46:13.396" level="INFO">Creating an instance of the Chrome WebDriver.</msg>
<status status="PASS" starttime="20230801 21:46:13.396" endtime="20230801 21:46:15.047"/>
</kw>
<kw name="Go To" library="SeleniumLibrary">
<arg>https://rahulshettyacademy.com/loginpagePractise/</arg>
<doc>Navigates the current browser window to the provided ``url``.</doc>
<msg timestamp="20230801 21:46:15.052" level="INFO">Opening url 'https://rahulshettyacademy.com/loginpagePractise/'</msg>
<status status="PASS" starttime="20230801 21:46:15.052" endtime="20230801 21:46:15.554"/>
</kw>
<status status="PASS" starttime="20230801 21:46:13.396" endtime="20230801 21:46:15.554"/>
</kw>
<kw name="fill the login form">
<arg>${username}</arg>
<arg>${password}</arg>
<kw name="Input Text" library="SeleniumLibrary">
<arg>xpath://input[@id='username']</arg>
<arg>${username}</arg>
<doc>Types the given ``text`` into the text field identified by ``locator``.</doc>
<msg timestamp="20230801 21:46:15.563" level="INFO">Typing text 'rahulshetty' into text field 'xpath://input[@id='username']'.</msg>
<status status="PASS" starttime="20230801 21:46:15.563" endtime="20230801 21:46:16.215"/>
</kw>
<kw name="Input Password" library="SeleniumLibrary">
<arg>xpath://input[@id='password']</arg>
<arg>${password}</arg>
<doc>Types the given password into the text field identified by ``locator``.</doc>
<msg timestamp="20230801 21:46:16.223" level="INFO">Typing password into text field 'xpath://input[@id='password']'.</msg>
<msg timestamp="20230801 21:46:16.310" level="INFO">Temporally setting log level to: NONE</msg>
<msg timestamp="20230801 21:46:16.417" level="INFO">Log level changed from NONE to INFO.</msg>
<status status="PASS" starttime="20230801 21:46:16.215" endtime="20230801 21:46:16.417"/>
</kw>
<kw name="Click Button" library="SeleniumLibrary">
<arg>xpath://input[@id='signInBtn']</arg>
<doc>Clicks the button identified by ``locator``.</doc>
<msg timestamp="20230801 21:46:16.419" level="INFO">Clicking button 'xpath://input[@id='signInBtn']'.</msg>
<status status="PASS" starttime="20230801 21:46:16.417" endtime="20230801 21:46:16.536"/>
</kw>
<status status="PASS" starttime="20230801 21:46:15.554" endtime="20230801 21:46:16.536"/>
</kw>
<kw name="wait until it check and display error message">
<kw name="Wait Until Element Is Visible" library="SeleniumLibrary">
<arg>${Error_Message_login}</arg>
<doc>Waits until the element ``locator`` is visible.</doc>
<status status="PASS" starttime="20230801 21:46:16.538" endtime="20230801 21:46:18.708"/>
</kw>
<status status="PASS" starttime="20230801 21:46:16.538" endtime="20230801 21:46:18.708"/>
</kw>
<kw name="verify error message is correct">
<kw name="Get Text" library="SeleniumLibrary">
<var>${result}</var>
<arg>${Error_Message_login}</arg>
<doc>Returns the text value of the element identified by ``locator``.</doc>
<msg timestamp="20230801 21:46:18.740" level="INFO">${result} = Incorrect username/password.</msg>
<status status="PASS" starttime="20230801 21:46:18.708" endtime="20230801 21:46:18.740"/>
</kw>
<kw name="Should Be Equal As Strings" library="BuiltIn">
<arg>${result}</arg>
<arg>Incorrect username/password.</arg>
<doc>Fails if objects are unequal after converting them to strings.</doc>
<status status="PASS" starttime="20230801 21:46:18.740" endtime="20230801 21:46:18.740"/>
</kw>
<kw name="Element Text Should Be" library="SeleniumLibrary">
<arg>${Error_Message_login}</arg>
<arg>Incorrect username/password.</arg>
<doc>Verifies that element ``locator`` contains exact the text ``expected``.</doc>
<msg timestamp="20230801 21:46:18.740" level="INFO">Verifying element 'xpath://div[@class='alert alert-danger col-md-12']' contains exact text 'Incorrect username/password.'.</msg>
<status status="PASS" starttime="20230801 21:46:18.740" endtime="20230801 21:46:18.765"/>
</kw>
<status status="PASS" starttime="20230801 21:46:18.708" endtime="20230801 21:46:18.765"/>
</kw>
<status status="PASS" starttime="20230801 21:46:13.396" endtime="20230801 21:46:18.765"/>
</kw>
<kw name="Close Browser" library="SeleniumLibrary" type="TEARDOWN">
<doc>Closes the current browser.</doc>
<status status="PASS" starttime="20230801 21:46:18.765" endtime="20230801 21:46:20.939"/>
</kw>
<status status="PASS" starttime="20230801 21:46:13.388" endtime="20230801 21:46:20.939"/>
</test>
<test id="s1-s1-t3" name="special character" line="12">
<kw name="Validate UnSuccessful Login">
<arg>@#g</arg>
<arg>learning</arg>
<kw name="open the browser with the Mortgage payment url">
<kw name="Create Webdriver" library="SeleniumLibrary">
<arg>Chrome</arg>
<doc>Creates an instance of Selenium WebDriver.</doc>
<msg timestamp="20230801 21:46:20.939" level="INFO">Creating an instance of the Chrome WebDriver.</msg>
<status status="PASS" starttime="20230801 21:46:20.939" endtime="20230801 21:46:22.245"/>
</kw>
<kw name="Go To" library="SeleniumLibrary">
<arg>https://rahulshettyacademy.com/loginpagePractise/</arg>
<doc>Navigates the current browser window to the provided ``url``.</doc>
<msg timestamp="20230801 21:46:22.245" level="INFO">Opening url 'https://rahulshettyacademy.com/loginpagePractise/'</msg>
<status status="PASS" starttime="20230801 21:46:22.245" endtime="20230801 21:46:22.893"/>
</kw>
<status status="PASS" starttime="20230801 21:46:20.939" endtime="20230801 21:46:22.893"/>
</kw>
<kw name="fill the login form">
<arg>${username}</arg>
<arg>${password}</arg>
<kw name="Input Text" library="SeleniumLibrary">
<arg>xpath://input[@id='username']</arg>
<arg>${username}</arg>
<doc>Types the given ``text`` into the text field identified by ``locator``.</doc>
<msg timestamp="20230801 21:46:22.893" level="INFO">Typing text '@#g' into text field 'xpath://input[@id='username']'.</msg>
<status status="PASS" starttime="20230801 21:46:22.893" endtime="20230801 21:46:23.275"/>
</kw>
<kw name="Input Password" library="SeleniumLibrary">
<arg>xpath://input[@id='password']</arg>
<arg>${password}</arg>
<doc>Types the given password into the text field identified by ``locator``.</doc>
<msg timestamp="20230801 21:46:23.275" level="INFO">Typing password into text field 'xpath://input[@id='password']'.</msg>
<msg timestamp="20230801 21:46:23.358" level="INFO">Temporally setting log level to: NONE</msg>
<msg timestamp="20230801 21:46:23.500" level="INFO">Log level changed from NONE to INFO.</msg>
<status status="PASS" starttime="20230801 21:46:23.275" endtime="20230801 21:46:23.500"/>
</kw>
<kw name="Click Button" library="SeleniumLibrary">
<arg>xpath://input[@id='signInBtn']</arg>
<doc>Clicks the button identified by ``locator``.</doc>
<msg timestamp="20230801 21:46:23.508" level="INFO">Clicking button 'xpath://input[@id='signInBtn']'.</msg>
<status status="PASS" starttime="20230801 21:46:23.506" endtime="20230801 21:46:23.681"/>
</kw>
<status status="PASS" starttime="20230801 21:46:22.893" endtime="20230801 21:46:23.681"/>
</kw>
<kw name="wait until it check and display error message">
<kw name="Wait Until Element Is Visible" library="SeleniumLibrary">
<arg>${Error_Message_login}</arg>
<doc>Waits until the element ``locator`` is visible.</doc>
<status status="PASS" starttime="20230801 21:46:23.683" endtime="20230801 21:46:25.844"/>
</kw>
<status status="PASS" starttime="20230801 21:46:23.681" endtime="20230801 21:46:25.844"/>
</kw>
<kw name="verify error message is correct">
<kw name="Get Text" library="SeleniumLibrary">
<var>${result}</var>
<arg>${Error_Message_login}</arg>
<doc>Returns the text value of the element identified by ``locator``.</doc>
<msg timestamp="20230801 21:46:25.880" level="INFO">${result} = Incorrect username/password.</msg>
<status status="PASS" starttime="20230801 21:46:25.844" endtime="20230801 21:46:25.880"/>
</kw>
<kw name="Should Be Equal As Strings" library="BuiltIn">
<arg>${result}</arg>
<arg>Incorrect username/password.</arg>
<doc>Fails if objects are unequal after converting them to strings.</doc>
<status status="PASS" starttime="20230801 21:46:25.880" endtime="20230801 21:46:25.881"/>
</kw>
<kw name="Element Text Should Be" library="SeleniumLibrary">
<arg>${Error_Message_login}</arg>
<arg>Incorrect username/password.</arg>
<doc>Verifies that element ``locator`` contains exact the text ``expected``.</doc>
<msg timestamp="20230801 21:46:25.881" level="INFO">Verifying element 'xpath://div[@class='alert alert-danger col-md-12']' contains exact text 'Incorrect username/password.'.</msg>
<status status="PASS" starttime="20230801 21:46:25.881" endtime="20230801 21:46:25.908"/>
</kw>
<status status="PASS" starttime="20230801 21:46:25.844" endtime="20230801 21:46:25.908"/>
</kw>
<status status="PASS" starttime="20230801 21:46:20.939" endtime="20230801 21:46:25.909"/>
</kw>
<kw name="Close Browser" library="SeleniumLibrary" type="TEARDOWN">
<doc>Closes the current browser.</doc>
<status status="PASS" starttime="20230801 21:46:25.909" endtime="20230801 21:46:28.059"/>
</kw>
<status status="PASS" starttime="20230801 21:46:20.939" endtime="20230801 21:46:28.059"/>
</test>
<doc>To validate the login form</doc>
<status status="PASS" starttime="20230801 21:46:00.364" endtime="20230801 21:46:28.059"/>
</suite>
<status status="PASS" starttime="20230801 21:46:00.326" endtime="20230801 21:46:28.061"/>
</suite>
<statistics>
<total>
<stat pass="3" fail="0" skip="0">All Tests</stat>
</total>
<tag>
</tag>
<suite>
<stat pass="3" fail="0" skip="0" id="s1" name="Tests">Tests</stat>
<stat pass="3" fail="0" skip="0" id="s1-s1" name="05 Testdemo">Tests.05 Testdemo</stat>
</suite>
</statistics>
<errors>
</errors>
</robot>
