<?xml version="1.0" encoding="UTF-8"?>
<robot generator="Robot 6.1 (Python 3.10.4 on win32)" generated="20230801 22:49:11.514" rpa="false" schemaversion="4">
<suite id="s1" name="Tests" source="C:\Users\abhil\PycharmProjects\RobotFramework\tests">
<suite id="s1-s1" name="02 Testdemo" source="C:\Users\abhil\PycharmProjects\RobotFramework\tests\02_testdemo.robot">
<test id="s1-s1-t1" name="Validate UnSuccessful Login" line="14">
<kw name="open the browser with the Mortgage payment url" library="generic" type="SETUP">
<kw name="Create Webdriver" library="SeleniumLibrary">
<arg>Chrome</arg>
<arg>C:\chrome_driver\chromedriver</arg>
<doc>Creates an instance of Selenium WebDriver.</doc>
<msg timestamp="20230801 22:49:11.986" level="INFO">Creating an instance of the Chrome WebDriver.</msg>
<status status="PASS" starttime="20230801 22:49:11.986" endtime="20230801 22:49:13.478"/>
</kw>
<kw name="Go To" library="SeleniumLibrary">
<arg>${url}</arg>
<doc>Navigates the current browser window to the provided ``url``.</doc>
<msg timestamp="20230801 22:49:13.483" level="INFO">Opening url 'https://rahulshettyacademy.com/loginpagePractise/'</msg>
<status status="PASS" starttime="20230801 22:49:13.482" endtime="20230801 22:49:34.590"/>
</kw>
<status status="PASS" starttime="20230801 22:49:11.986" endtime="20230801 22:49:34.590"/>
</kw>
<kw name="fill the login form">
<arg>${user_name}</arg>
<arg>${invalid_password}</arg>
<kw name="Input Text" library="SeleniumLibrary">
<arg>xpath://input[@id='username']</arg>
<arg>${username}</arg>
<doc>Types the given ``text`` into the text field identified by ``locator``.</doc>
<msg timestamp="20230801 22:49:34.590" level="INFO">Typing text 'rahulshettyacademy' into text field 'xpath://input[@id='username']'.</msg>
<status status="PASS" starttime="20230801 22:49:34.590" endtime="20230801 22:49:34.858"/>
</kw>
<kw name="Input Password" library="SeleniumLibrary">
<arg>xpath://input[@id='password']</arg>
<arg>${password}</arg>
<doc>Types the given password into the text field identified by ``locator``.</doc>
<msg timestamp="20230801 22:49:34.859" level="INFO">Typing password into text field 'xpath://input[@id='password']'.</msg>
<msg timestamp="20230801 22:49:34.946" level="INFO">Temporally setting log level to: NONE</msg>
<msg timestamp="20230801 22:49:35.035" level="INFO">Log level changed from NONE to INFO.</msg>
<status status="PASS" starttime="20230801 22:49:34.858" endtime="20230801 22:49:35.035"/>
</kw>
<kw name="Click Button" library="SeleniumLibrary">
<arg>xpath://input[@id='signInBtn']</arg>
<doc>Clicks the button identified by ``locator``.</doc>
<msg timestamp="20230801 22:49:35.035" level="INFO">Clicking button 'xpath://input[@id='signInBtn']'.</msg>
<status status="PASS" starttime="20230801 22:49:35.035" endtime="20230801 22:49:35.150"/>
</kw>
<status status="PASS" starttime="20230801 22:49:34.590" endtime="20230801 22:49:35.150"/>
</kw>
<kw name="wait until element is located in the page">
<arg>${Error_Message_login}</arg>
<kw name="Wait Until Element Is Visible" library="SeleniumLibrary">
<arg>${element}</arg>
<doc>Waits until the element ``locator`` is visible.</doc>
<status status="PASS" starttime="20230801 22:49:35.151" endtime="20230801 22:49:37.298"/>
</kw>
<status status="PASS" starttime="20230801 22:49:35.150" endtime="20230801 22:49:37.298"/>
</kw>
<kw name="verify error message is correct">
<kw name="Get Text" library="SeleniumLibrary">
<var>${result}</var>
<arg>${Error_Message_login}</arg>
<doc>Returns the text value of the element identified by ``locator``.</doc>
<msg timestamp="20230801 22:49:37.335" level="INFO">${result} = Incorrect username/password.</msg>
<status status="PASS" starttime="20230801 22:49:37.299" endtime="20230801 22:49:37.335"/>
</kw>
<kw name="Should Be Equal As Strings" library="BuiltIn">
<arg>${result}</arg>
<arg>Incorrect username/password.</arg>
<doc>Fails if objects are unequal after converting them to strings.</doc>
<status status="PASS" starttime="20230801 22:49:37.336" endtime="20230801 22:49:37.336"/>
</kw>
<kw name="Element Text Should Be" library="SeleniumLibrary">
<arg>${Error_Message_login}</arg>
<arg>Incorrect username/password.</arg>
<doc>Verifies that element ``locator`` contains exact the text ``expected``.</doc>
<msg timestamp="20230801 22:49:37.336" level="INFO">Verifying element 'css:.alert-danger' contains exact text 'Incorrect username/password.'.</msg>
<status status="PASS" starttime="20230801 22:49:37.336" endtime="20230801 22:49:37.365"/>
</kw>
<status status="PASS" starttime="20230801 22:49:37.299" endtime="20230801 22:49:37.367"/>
</kw>
<tag>SMOKE</tag>
<status status="PASS" starttime="20230801 22:49:11.986" endtime="20230801 22:49:37.367"/>
</test>
<doc>To validate the login form</doc>
<status status="PASS" starttime="20230801 22:49:11.561" endtime="20230801 22:49:37.369"/>
</suite>
<status status="PASS" starttime="20230801 22:49:11.529" endtime="20230801 22:49:37.372"/>
</suite>
<statistics>
<total>
<stat pass="1" fail="0" skip="0">All Tests</stat>
</total>
<tag>
<stat pass="1" fail="0" skip="0">SMOKE</stat>
</tag>
<suite>
<stat pass="1" fail="0" skip="0" id="s1" name="Tests">Tests</stat>
<stat pass="1" fail="0" skip="0" id="s1-s1" name="02 Testdemo">Tests.02 Testdemo</stat>
</suite>
</statistics>
<errors>
</errors>
</robot>
