<?xml version="1.0" encoding="UTF-8"?>
<robot generator="Robot 6.1 (Python 3.10.4 on win32)" generated="20230801 21:46:00.316" rpa="false" schemaversion="4">
<suite id="s1" name="Tests" source="C:\Users\abhil\PycharmProjects\RobotFramework\tests">
<suite id="s1-s1" name="03 Testdemo" source="C:\Users\abhil\PycharmProjects\RobotFramework\tests\03_testdemo.robot">
<test id="s1-s1-t1" name="Validate child window functionality" line="14">
<kw name="open the browser with the Mortgage payment url" library="generic" type="SETUP">
<kw name="Create Webdriver" library="SeleniumLibrary">
<arg>Chrome</arg>
<doc>Creates an instance of Selenium WebDriver.</doc>
<msg timestamp="20230801 21:46:00.887" level="INFO">Creating an instance of the Chrome WebDriver.</msg>
<status status="PASS" starttime="20230801 21:46:00.887" endtime="20230801 21:46:05.027"/>
</kw>
<kw name="Go To" library="SeleniumLibrary">
<arg>${url}</arg>
<doc>Navigates the current browser window to the provided ``url``.</doc>
<msg timestamp="20230801 21:46:05.027" level="INFO">Opening url 'https://rahulshettyacademy.com/loginpagePractise/'</msg>
<status status="PASS" starttime="20230801 21:46:05.027" endtime="20230801 21:46:06.510"/>
</kw>
<status status="PASS" starttime="20230801 21:46:00.887" endtime="20230801 21:46:06.510"/>
</kw>
<kw name="select the link of child window">
<kw name="Click Element" library="SeleniumLibrary">
<arg>css:.blinkingText</arg>
<doc>Click the element identified by ``locator``.</doc>
<msg timestamp="20230801 21:46:06.518" level="INFO">Clicking element 'css:.blinkingText'.</msg>
<status status="PASS" starttime="20230801 21:46:06.510" endtime="20230801 21:46:07.644"/>
</kw>
<kw name="Sleep" library="BuiltIn">
<arg>5</arg>
<doc>Pauses the test executed for the given time.</doc>
<msg timestamp="20230801 21:46:12.662" level="INFO">Slept 5 seconds</msg>
<status status="PASS" starttime="20230801 21:46:07.644" endtime="20230801 21:46:12.663"/>
</kw>
<status status="PASS" starttime="20230801 21:46:06.510" endtime="20230801 21:46:12.663"/>
</kw>
<kw name="verify the user is switched to child window">
<kw name="Switch Window" library="SeleniumLibrary">
<arg>NEW</arg>
<doc>Switches to browser window matching ``locator``.</doc>
<status status="PASS" starttime="20230801 21:46:12.664" endtime="20230801 21:46:12.703"/>
</kw>
<kw name="Element Text Should Be" library="SeleniumLibrary">
<arg>css:h1</arg>
<arg>DOCUMENTS REQUEST</arg>
<doc>Verifies that element ``locator`` contains exact the text ``expected``.</doc>
<msg timestamp="20230801 21:46:12.703" level="INFO">Verifying element 'css:h1' contains exact text 'DOCUMENTS REQUEST'.</msg>
<status status="PASS" starttime="20230801 21:46:12.703" endtime="20230801 21:46:12.776"/>
</kw>
<status status="PASS" starttime="20230801 21:46:12.663" endtime="20230801 21:46:12.776"/>
</kw>
<kw name="grab the email id in child window">
<kw name="Get Text" library="SeleniumLibrary">
<var>${text}</var>
<arg>css:.im-para.red</arg>
<doc>Returns the text value of the element identified by ``locator``.</doc>
<msg timestamp="20230801 21:46:12.864" level="INFO">${text} = Please email us at mentor@rahulshettyacademy.com with below template to receive response</msg>
<status status="PASS" starttime="20230801 21:46:12.784" endtime="20230801 21:46:12.865"/>
</kw>
<kw name="Split String" library="String">
<var>@{words}</var>
<arg>${text}</arg>
<arg>at</arg>
<doc>Splits the ``string`` using ``separator`` as a delimiter string.</doc>
<msg timestamp="20230801 21:46:12.869" level="INFO">@{words} = [ Please email us  |  mentor@rahulshettyacademy.com with below templ | e to receive response ]</msg>
<status status="PASS" starttime="20230801 21:46:12.865" endtime="20230801 21:46:12.869"/>
</kw>
<kw name="Get From List" library="Collections">
<var>${text_split}</var>
<arg>${words}</arg>
<arg>1</arg>
<doc>Returns the value specified with an ``index`` from ``list``.</doc>
<msg timestamp="20230801 21:46:12.872" level="INFO">${text_split} =  mentor@rahulshettyacademy.com with below templ</msg>
<status status="PASS" starttime="20230801 21:46:12.870" endtime="20230801 21:46:12.872"/>
</kw>
<kw name="Log" library="BuiltIn">
<arg>${text_split}</arg>
<doc>Logs the given message with the given level.</doc>
<msg timestamp="20230801 21:46:12.873" level="INFO"> mentor@rahulshettyacademy.com with below templ</msg>
<status status="PASS" starttime="20230801 21:46:12.873" endtime="20230801 21:46:12.873"/>
</kw>
<kw name="Split String" library="String">
<var>@{words_2}</var>
<arg>${text_split}</arg>
<doc>Splits the ``string`` using ``separator`` as a delimiter string.</doc>
<msg timestamp="20230801 21:46:12.877" level="INFO">@{words_2} = [ mentor@rahulshettyacademy.com | with | below | templ ]</msg>
<status status="PASS" starttime="20230801 21:46:12.873" endtime="20230801 21:46:12.877"/>
</kw>
<kw name="Get From List" library="Collections">
<var>${email}</var>
<arg>${words_2}</arg>
<arg>0</arg>
<doc>Returns the value specified with an ``index`` from ``list``.</doc>
<msg timestamp="20230801 21:46:12.877" level="INFO">${email} = mentor@rahulshettyacademy.com</msg>
<status status="PASS" starttime="20230801 21:46:12.877" endtime="20230801 21:46:12.877"/>
</kw>
<kw name="Set Global Variable" library="BuiltIn">
<arg>${email}</arg>
<doc>Makes a variable available globally in all tests and suites.</doc>
<msg timestamp="20230801 21:46:12.881" level="INFO">${email} = mentor@rahulshettyacademy.com</msg>
<status status="PASS" starttime="20230801 21:46:12.877" endtime="20230801 21:46:12.881"/>
</kw>
<status status="PASS" starttime="20230801 21:46:12.776" endtime="20230801 21:46:12.881"/>
</kw>
<kw name="switch to parent window and enter the email">
<kw name="Switch Window" library="SeleniumLibrary">
<arg>MAIN</arg>
<doc>Switches to browser window matching ``locator``.</doc>
<status status="PASS" starttime="20230801 21:46:12.881" endtime="20230801 21:46:12.932"/>
</kw>
<kw name="Title Should Be" library="SeleniumLibrary">
<arg>LoginPage Practise | Rahul Shetty Academy</arg>
<doc>Verifies that the current page title equals ``title``.</doc>
<msg timestamp="20230801 21:46:12.972" level="INFO">Page title is 'LoginPage Practise | Rahul Shetty Academy'.</msg>
<status status="PASS" starttime="20230801 21:46:12.932" endtime="20230801 21:46:12.973"/>
</kw>
<kw name="Input Text" library="SeleniumLibrary">
<arg>xpath://input[@id='username']</arg>
<arg>${email}</arg>
<doc>Types the given ``text`` into the text field identified by ``locator``.</doc>
<msg timestamp="20230801 21:46:12.976" level="INFO">Typing text 'mentor@rahulshettyacademy.com' into text field 'xpath://input[@id='username']'.</msg>
<status status="PASS" starttime="20230801 21:46:12.974" endtime="20230801 21:46:13.573"/>
</kw>
<status status="PASS" starttime="20230801 21:46:12.881" endtime="20230801 21:46:13.573"/>
</kw>
<kw name="Close Browser" library="SeleniumLibrary" type="TEARDOWN">
<doc>Closes the current browser.</doc>
<status status="PASS" starttime="20230801 21:46:13.573" endtime="20230801 21:46:16.328"/>
</kw>
<status status="PASS" starttime="20230801 21:46:00.887" endtime="20230801 21:46:16.328"/>
</test>
<doc>To validate the login form</doc>
<status status="PASS" starttime="20230801 21:46:00.379" endtime="20230801 21:46:16.332"/>
</suite>
<status status="PASS" starttime="20230801 21:46:00.339" endtime="20230801 21:46:16.332"/>
</suite>
<statistics>
<total>
<stat pass="1" fail="0" skip="0">All Tests</stat>
</total>
<tag>
</tag>
<suite>
<stat pass="1" fail="0" skip="0" id="s1" name="Tests">Tests</stat>
<stat pass="1" fail="0" skip="0" id="s1-s1" name="03 Testdemo">Tests.03 Testdemo</stat>
</suite>
</statistics>
<errors>
</errors>
</robot>
